[2026-07-21 16:25:29] [INFO] 🚀 [End2End 프로젝트] 데이터 준비 파이프라인을 시작합니다.

[2026-07-21 16:25:29] [INFO] ============================================================
[2026-07-21 16:25:29] [INFO]  [1] Pandas vs Polars 데이터 로딩 속도 비교
[2026-07-21 16:25:29] [INFO] ============================================================
[2026-07-21 16:25:29] [INFO] ▶ Pandas 로딩 시간: 0.2556 초 | Shape: (4090836, 20)
[2026-07-21 16:25:29] [INFO] ▶ Polars 로딩 시간: 0.1159 초 | Shape: (4090836, 20)
[2026-07-21 16:25:29] [INFO] 💡 결론: Polars가 약 54.7% 더 빠르게 대용량 데이터를 처리했습니다.

[2026-07-21 16:25:29] [INFO] ============================================================
[2026-07-21 16:25:29] [INFO]  [2] 기본 탐색적 데이터 분석 (EDA)
[2026-07-21 16:25:29] [INFO] ============================================================
[2026-07-21 16:25:29] [INFO] ▶ 데이터 행/열 개수: 4,090,836행, 20열
[2026-07-21 16:25:29] [INFO] ▶ 전체 컬럼 목록: ['VendorID', 'tpep_pickup_datetime', 'tpep_dropoff_datetime', 'passenger_count', 'trip_distance', 'RatecodeID', 'store_and_fwd_flag', 'PULocationID', 'DOLocationID', 'payment_type', 'fare_amount', 'extra', 'mta_tax', 'tip_amount', 'tolls_amount', 'improvement_surcharge', 'total_amount', 'congestion_surcharge', 'Airport_fee', 'cbd_congestion_fee']
[2026-07-21 16:25:30] [INFO] ▶ 결측치가 존재하는 컬럼 현황:
passenger_count         955371
RatecodeID              955371
store_and_fwd_flag      955371
congestion_surcharge    955371
Airport_fee             955371
[2026-07-21 16:25:30] [INFO] 
============================================================
[2026-07-21 16:25:30] [INFO]  [3] 데이터 정제 (결측치, 중복 및 이상치 처리)
[2026-07-21 16:25:30] [INFO] ============================================================
[2026-07-21 16:25:32] [INFO] ▶ 중복 데이터 제거: 총 0건 삭제
[2026-07-21 16:25:32] [INFO] ▶ 핵심 결측치 처리: 전체 결측 요소 4,776,855개 중 주요 결측 행 제거 (남은 결측 요소: 0개)
[2026-07-21 16:25:33] [INFO] ▶ 최종 정제 완료: 4,090,836건 -> 3,106,829건 (총 984,007건 정제됨)
[2026-07-21 16:25:33] [INFO] 
✅ 데이터 준비 완료! 정제된 파일 저장 위치: 'data/processed/cleaned_taxi_data.parquet'
